<?xml version="1.0" encoding="UTF-8"?>
<!-- Generated by org.testng.reporters.JUnitReportReporter -->
<testsuite skipped="0" hostname="LAPTOP-H8IENLFH" name="tests.UserLoginTestCase" tests="1" failures="0" timestamp="04 Apr 2020 15:56:45 GMT" time="6.024" errors="0">
  <testcase name="UserCanloginSuccessfully" time="6.024" classname="tests.UserLoginTestCase"/>
</testsuite> <!-- tests.UserLoginTestCase -->
